# JRE version: Java(TM) SE Runtime Environment (8.0_25-b18) (build 1.8.0_25-b18)
# Java VM: Java HotSpot(TM) Client VM (25.25-b02 mixed mode windows-x86 )
Heap:
 def new generation   total 7936K, used 6059K [0x04000000, 0x04890000, 0x09550000)
  eden space 7104K,  85% used [0x04000000, 0x045eae90, 0x046f0000)
  from space 832K,   0% used [0x046f0000, 0x046f0000, 0x047c0000)
  to   space 832K,   0% used [0x047c0000, 0x047c0000, 0x04890000)
 tenured generation   total 17440K, used 10463K [0x09550000, 0x0a658000, 0x14000000)
   the space 17440K,  59% used [0x09550000, 0x09f87fc8, 0x09f88000, 0x0a658000)
 Metaspace       used 8788K, capacity 8905K, committed 9088K, reserved 9600K
GC Heap History (10 events):
Event: 7.277 GC heap before
{Heap before GC invocations=11 (full 0):
 def new generation   total 4928K, used 4458K [0x04000000, 0x04550000, 0x09550000)
  eden space 4416K, 100% used [0x04000000, 0x04450000, 0x04450000)
  from space 512K,   8% used [0x044d0000, 0x044da8b0, 0x04550000)
  to   space 512K,   0% used [0x04450000, 0x04450000, 0x044d0000)
 tenured generation   total 10944K, used 6665K [0x09550000, 0x0a000000, 0x14000000)
   the space 10944K,  60% used [0x09550000, 0x09bd26c8, 0x09bd2800, 0x0a000000)
 Metaspace       used 8755K, capacity 8876K, committed 8960K, reserved 9600K
Event: 7.278 GC heap after
Heap after GC invocations=12 (full 0):
 def new generation   total 4928K, used 74K [0x04000000, 0x04550000, 0x09550000)
  eden space 4416K,   0% used [0x04000000, 0x04000000, 0x04450000)
  from space 512K,  14% used [0x04450000, 0x044628d8, 0x044d0000)
  to   space 512K,   0% used [0x044d0000, 0x044d0000, 0x04550000)
 tenured generation   total 10944K, used 6665K [0x09550000, 0x0a000000, 0x14000000)
   the space 10944K,  60% used [0x09550000, 0x09bd26c8, 0x09bd2800, 0x0a000000)
 Metaspace       used 8755K, capacity 8876K, committed 8960K, reserved 9600K
}
Event: 7.560 GC heap before
{Heap before GC invocations=12 (full 0):
 def new generation   total 4928K, used 4490K [0x04000000, 0x04550000, 0x09550000)
  eden space 4416K, 100% used [0x04000000, 0x04450000, 0x04450000)
  from space 512K,  14% used [0x04450000, 0x044628d8, 0x044d0000)
  to   space 512K,   0% used [0x044d0000, 0x044d0000, 0x04550000)
 tenured generation   total 10944K, used 6665K [0x09550000, 0x0a000000, 0x14000000)
   the space 10944K,  60% used [0x09550000, 0x09bd26c8, 0x09bd2800, 0x0a000000)
 Metaspace       used 8755K, capacity 8876K, committed 8960K, reserved 9600K
Event: 7.562 GC heap after
Heap after GC invocations=13 (full 0):
 def new generation   total 4928K, used 83K [0x04000000, 0x04550000, 0x09550000)
  eden space 4416K,   0% used [0x04000000, 0x04000000, 0x04450000)
  from space 512K,  16% used [0x044d0000, 0x044e4db8, 0x04550000)
  to   space 512K,   0% used [0x04450000, 0x04450000, 0x044d0000)
 tenured generation   total 10944K, used 6665K [0x09550000, 0x0a000000, 0x14000000)
   the space 10944K,  60% used [0x09550000, 0x09bd26c8, 0x09bd2800, 0x0a000000)
 Metaspace       used 8755K, capacity 8876K, committed 8960K, reserved 9600K
}
Event: 7.572 GC heap before
{Heap before GC invocations=13 (full 0):
 def new generation   total 4928K, used 4499K [0x04000000, 0x04550000, 0x09550000)
  eden space 4416K, 100% used [0x04000000, 0x04450000, 0x04450000)
  from space 512K,  16% used [0x044d0000, 0x044e4db8, 0x04550000)
  to   space 512K,   0% used [0x04450000, 0x04450000, 0x044d0000)
 tenured generation   total 10944K, used 6665K [0x09550000, 0x0a000000, 0x14000000)
   the space 10944K,  60% used [0x09550000, 0x09bd26c8, 0x09bd2800, 0x0a000000)
 Metaspace       used 8755K, capacity 8876K, committed 8960K, reserved 9600K
Event: 7.573 GC heap after
Heap after GC invocations=14 (full 0):
 def new generation   total 4928K, used 82K [0x04000000, 0x04550000, 0x09550000)
  eden space 4416K,   0% used [0x04000000, 0x04000000, 0x04450000)
  from space 512K,  16% used [0x04450000, 0x04464b20, 0x044d0000)
  to   space 512K,   0% used [0x044d0000, 0x044d0000, 0x04550000)
 tenured generation   total 10944K, used 6665K [0x09550000, 0x0a000000, 0x14000000)
   the space 10944K,  60% used [0x09550000, 0x09bd26c8, 0x09bd2800, 0x0a000000)
 Metaspace       used 8755K, capacity 8876K, committed 8960K, reserved 9600K
}
Event: 8.029 GC heap before
{Heap before GC invocations=14 (full 0):
 def new generation   total 4928K, used 4498K [0x04000000, 0x04550000, 0x09550000)
  eden space 4416K, 100% used [0x04000000, 0x04450000, 0x04450000)
  from space 512K,  16% used [0x04450000, 0x04464b20, 0x044d0000)
  to   space 512K,   0% used [0x044d0000, 0x044d0000, 0x04550000)
 tenured generation   total 10944K, used 6665K [0x09550000, 0x0a000000, 0x14000000)
   the space 10944K,  60% used [0x09550000, 0x09bd26c8, 0x09bd2800, 0x0a000000)
 Metaspace       used 8761K, capacity 8908K, committed 9088K, reserved 9600K
Event: 8.034 GC heap after
Heap after GC invocations=15 (full 0):
 def new generation   total 4928K, used 512K [0x04000000, 0x04550000, 0x09550000)
  eden space 4416K,   0% used [0x04000000, 0x04000000, 0x04450000)
  from space 512K, 100% used [0x044d0000, 0x04550000, 0x04550000)
  to   space 512K,   0% used [0x04450000, 0x04450000, 0x044d0000)
 tenured generation   total 10944K, used 7998K [0x09550000, 0x0a000000, 0x14000000)
   the space 10944K,  73% used [0x09550000, 0x09d1fa08, 0x09d1fc00, 0x0a000000)
 Metaspace       used 8761K, capacity 8908K, committed 9088K, reserved 9600K
}
Event: 8.063 GC heap before
{Heap before GC invocations=15 (full 0):
 def new generation   total 4928K, used 4928K [0x04000000, 0x04550000, 0x09550000)
  eden space 4416K, 100% used [0x04000000, 0x04450000, 0x04450000)
  from space 512K, 100% used [0x044d0000, 0x04550000, 0x04550000)
  to   space 512K,   0% used [0x04450000, 0x04450000, 0x044d0000)
 tenured generation   total 10944K, used 7998K [0x09550000, 0x0a000000, 0x14000000)
   the space 10944K,  73% used [0x09550000, 0x09d1fa08, 0x09d1fc00, 0x0a000000)
 Metaspace       used 8761K, capacity 8908K, committed 9088K, reserved 9600K
Event: 8.095 GC heap after
Heap after GC invocations=16 (full 1):
 def new generation   total 7936K, used 0K [0x04000000, 0x04890000, 0x09550000)
  eden space 7104K,   0% used [0x04000000, 0x04000000, 0x046f0000)
  from space 832K,   0% used [0x046f0000, 0x046f0000, 0x047c0000)
  to   space 832K,   0% used [0x047c0000, 0x047c0000, 0x04890000)
 tenured generation   total 17440K, used 10463K [0x09550000, 0x0a658000, 0x14000000)
   the space 17440K,  59% used [0x09550000, 0x09f87fc8, 0x09f88000, 0x0a658000)
 Metaspace       used 8760K, capacity 8905K, committed 9088K, reserved 9600K
}

