# JRE version: Java(TM) SE Runtime Environment (8.0_25-b18) (build 1.8.0_25-b18)
# Java VM: Java HotSpot(TM) Client VM (25.25-b02 mixed mode windows-x86 )
Heap:
 def new generation   total 4928K, used 1605K [0x04400000, 0x04950000, 0x09950000)
  eden space 4416K,  24% used [0x04400000, 0x04511718, 0x04850000)
  from space 512K, 100% used [0x04850000, 0x048d0000, 0x048d0000)
  to   space 512K,   0% used [0x048d0000, 0x048d0000, 0x04950000)
 tenured generation   total 10944K, used 7055K [0x09950000, 0x0a400000, 0x14400000)
   the space 10944K,  64% used [0x09950000, 0x0a033cc0, 0x0a033e00, 0x0a400000)
 Metaspace       used 8464K, capacity 8588K, committed 8704K, reserved 9600K
GC Heap History (10 events):
Event: 14.564 GC heap before
{Heap before GC invocations=7 (full 0):
 def new generation   total 4928K, used 4916K [0x04400000, 0x04950000, 0x09950000)
  eden space 4416K,  99% used [0x04400000, 0x0484e930, 0x04850000)
  from space 512K,  98% used [0x048d0000, 0x0494e910, 0x04950000)
  to   space 512K,   0% used [0x04850000, 0x04850000, 0x048d0000)
 tenured generation   total 10944K, used 4972K [0x09950000, 0x0a400000, 0x14400000)
   the space 10944K,  45% used [0x09950000, 0x09e2b080, 0x09e2b200, 0x0a400000)
 Metaspace       used 8403K, capacity 8524K, committed 8704K, reserved 9600K
Event: 14.566 GC heap after
Heap after GC invocations=8 (full 0):
 def new generation   total 4928K, used 31K [0x04400000, 0x04950000, 0x09950000)
  eden space 4416K,   0% used [0x04400000, 0x04400000, 0x04850000)
  from space 512K,   6% used [0x04850000, 0x04857ce0, 0x048d0000)
  to   space 512K,   0% used [0x048d0000, 0x048d0000, 0x04950000)
 tenured generation   total 10944K, used 5478K [0x09950000, 0x0a400000, 0x14400000)
   the space 10944K,  50% used [0x09950000, 0x09ea9990, 0x09ea9a00, 0x0a400000)
 Metaspace       used 8403K, capacity 8524K, committed 8704K, reserved 9600K
}
Event: 23.882 GC heap before
{Heap before GC invocations=8 (full 0):
 def new generation   total 4928K, used 4447K [0x04400000, 0x04950000, 0x09950000)
  eden space 4416K, 100% used [0x04400000, 0x04850000, 0x04850000)
  from space 512K,   6% used [0x04850000, 0x04857ce0, 0x048d0000)
  to   space 512K,   0% used [0x048d0000, 0x048d0000, 0x04950000)
 tenured generation   total 10944K, used 5478K [0x09950000, 0x0a400000, 0x14400000)
   the space 10944K,  50% used [0x09950000, 0x09ea9990, 0x09ea9a00, 0x0a400000)
 Metaspace       used 8436K, capacity 8588K, committed 8704K, reserved 9600K
Event: 23.884 GC heap after
Heap after GC invocations=9 (full 0):
 def new generation   total 4928K, used 512K [0x04400000, 0x04950000, 0x09950000)
  eden space 4416K,   0% used [0x04400000, 0x04400000, 0x04850000)
  from space 512K, 100% used [0x048d0000, 0x04950000, 0x04950000)
  to   space 512K,   0% used [0x04850000, 0x04850000, 0x048d0000)
 tenured generation   total 10944K, used 5530K [0x09950000, 0x0a400000, 0x14400000)
   the space 10944K,  50% used [0x09950000, 0x09eb69c8, 0x09eb6a00, 0x0a400000)
 Metaspace       used 8436K, capacity 8588K, committed 8704K, reserved 9600K
}
Event: 23.888 GC heap before
{Heap before GC invocations=9 (full 0):
 def new generation   total 4928K, used 4928K [0x04400000, 0x04950000, 0x09950000)
  eden space 4416K, 100% used [0x04400000, 0x04850000, 0x04850000)
  from space 512K, 100% used [0x048d0000, 0x04950000, 0x04950000)
  to   space 512K,   0% used [0x04850000, 0x04850000, 0x048d0000)
 tenured generation   total 10944K, used 5530K [0x09950000, 0x0a400000, 0x14400000)
   the space 10944K,  50% used [0x09950000, 0x09eb69c8, 0x09eb6a00, 0x0a400000)
 Metaspace       used 8436K, capacity 8588K, committed 8704K, reserved 9600K
Event: 23.890 GC heap after
Heap after GC invocations=10 (full 0):
 def new generation   total 4928K, used 506K [0x04400000, 0x04950000, 0x09950000)
  eden space 4416K,   0% used [0x04400000, 0x04400000, 0x04850000)
  from space 512K,  98% used [0x04850000, 0x048ce910, 0x048d0000)
  to   space 512K,   0% used [0x048d0000, 0x048d0000, 0x04950000)
 tenured generation   total 10944K, used 6042K [0x09950000, 0x0a400000, 0x14400000)
   the space 10944K,  55% used [0x09950000, 0x09f36988, 0x09f36a00, 0x0a400000)
 Metaspace       used 8436K, capacity 8588K, committed 8704K, reserved 9600K
}
Event: 23.893 GC heap before
{Heap before GC invocations=10 (full 0):
 def new generation   total 4928K, used 4922K [0x04400000, 0x04950000, 0x09950000)
  eden space 4416K, 100% used [0x04400000, 0x04850000, 0x04850000)
  from space 512K,  98% used [0x04850000, 0x048ce910, 0x048d0000)
  to   space 512K,   0% used [0x048d0000, 0x048d0000, 0x04950000)
 tenured generation   total 10944K, used 6042K [0x09950000, 0x0a400000, 0x14400000)
   the space 10944K,  55% used [0x09950000, 0x09f36988, 0x09f36a00, 0x0a400000)
 Metaspace       used 8436K, capacity 8588K, committed 8704K, reserved 9600K
Event: 23.894 GC heap after
Heap after GC invocations=11 (full 0):
 def new generation   total 4928K, used 506K [0x04400000, 0x04950000, 0x09950000)
  eden space 4416K,   0% used [0x04400000, 0x04400000, 0x04850000)
  from space 512K,  98% used [0x048d0000, 0x0494e910, 0x04950000)
  to   space 512K,   0% used [0x04850000, 0x04850000, 0x048d0000)
 tenured generation   total 10944K, used 6548K [0x09950000, 0x0a400000, 0x14400000)
   the space 10944K,  59% used [0x09950000, 0x09fb5298, 0x09fb5400, 0x0a400000)
 Metaspace       used 8436K, capacity 8588K, committed 8704K, reserved 9600K
}
Event: 43.505 GC heap before
{Heap before GC invocations=11 (full 0):
 def new generation   total 4928K, used 4922K [0x04400000, 0x04950000, 0x09950000)
  eden space 4416K, 100% used [0x04400000, 0x04850000, 0x04850000)
  from space 512K,  98% used [0x048d0000, 0x0494e910, 0x04950000)
  to   space 512K,   0% used [0x04850000, 0x04850000, 0x048d0000)
 tenured generation   total 10944K, used 6548K [0x09950000, 0x0a400000, 0x14400000)
   the space 10944K,  59% used [0x09950000, 0x09fb5298, 0x09fb5400, 0x0a400000)
 Metaspace       used 8452K, capacity 8588K, committed 8704K, reserved 9600K
Event: 43.507 GC heap after
Heap after GC invocations=12 (full 0):
 def new generation   total 4928K, used 512K [0x04400000, 0x04950000, 0x09950000)
  eden space 4416K,   0% used [0x04400000, 0x04400000, 0x04850000)
  from space 512K, 100% used [0x04850000, 0x048d0000, 0x048d0000)
  to   space 512K,   0% used [0x048d0000, 0x048d0000, 0x04950000)
 tenured generation   total 10944K, used 7055K [0x09950000, 0x0a400000, 0x14400000)
   the space 10944K,  64% used [0x09950000, 0x0a033cc0, 0x0a033e00, 0x0a400000)
 Metaspace       used 8452K, capacity 8588K, committed 8704K, reserved 9600K
}

